2019-01-24 15:20:46: Server running at: http://admin-PC:52470
2019-01-24 15:20:46: Server running at: http://admin-PC:52470
2019-01-24 15:20:47: Server running at: http://admin-PC:52470
2019-01-24 15:20:47: Server running at: http://admin-PC:52470
2019-01-24 15:20:58: Server running at: http://admin-PC:52470
2019-01-24 15:20:59: Server running at: http://admin-PC:52470
2019-01-24 15:21:02: Server running at: http://admin-PC:52470
2019-01-24 15:21:14: Server running at: http://admin-PC:52470
2019-01-24 15:21:14: Server running at: http://admin-PC:52470
2019-01-24 15:21:14: Server running at: http://admin-PC:52470
2019-01-24 15:21:18: Server running at: http://admin-PC:52470
2019-01-24 15:21:18: Server running at: http://admin-PC:52470
2019-01-24 15:21:29: Server running at: http://admin-PC:52470
2019-01-24 15:21:41: Server running at: http://admin-PC:52470
2019-01-24 15:21:42: Server running at: http://admin-PC:52470
2019-01-24 15:21:43: Server running at: http://admin-PC:52470
2019-01-24 15:22:00: Server running at: http://admin-PC:52470
2019-01-24 15:22:12: Server running at: http://admin-PC:52470
2019-01-24 15:22:23: Server running at: http://admin-PC:52470
2019-01-24 15:22:43: Server running at: http://admin-PC:52470
2019-01-24 15:22:43: Server running at: http://admin-PC:52470
2019-01-24 15:22:45: Server running at: http://admin-PC:52470
2019-01-24 15:22:46: Server running at: http://admin-PC:52470
2019-01-24 15:22:54: Server running at: http://admin-PC:52470
2019-01-24 15:22:54: Server running at: http://admin-PC:52470
2019-01-24 15:22:57: Server running at: http://admin-PC:52470
2019-01-24 15:22:57: Server running at: http://admin-PC:52470
2019-01-24 15:23:01: Server running at: http://admin-PC:52470
2019-01-24 15:23:12: Server running at: http://admin-PC:52470
2019-01-24 15:23:12: Server running at: http://admin-PC:52470
2019-01-24 15:23:13: Server running at: http://admin-PC:52470
2019-01-24 15:23:16: Server running at: http://admin-PC:52470
2019-01-24 15:23:16: Server running at: http://admin-PC:52470
2019-01-24 15:23:24: Server running at: http://admin-PC:52470
2019-01-24 15:23:37: Server running at: http://admin-PC:52470
2019-01-24 15:23:37: Server running at: http://admin-PC:52470
2019-01-24 15:23:37: Server running at: http://admin-PC:52470
2019-01-24 15:23:39: Server running at: http://admin-PC:52470
2019-01-24 15:24:18: Server running at: http://admin-PC:53064
2019-01-24 15:24:19: Server running at: http://admin-PC:53064
2019-01-24 15:24:19: Server running at: http://admin-PC:53064
2019-01-24 15:24:20: Server running at: http://admin-PC:53064
2019-01-24 15:24:30: Server running at: http://admin-PC:53064
2019-01-24 15:24:55: Server running at: http://admin-PC:53167
2019-01-24 15:24:55: Server running at: http://admin-PC:53167
2019-01-24 15:24:56: Server running at: http://admin-PC:53167
2019-01-24 15:24:59: Server running at: http://admin-PC:53167
2019-01-24 15:25:01: Server running at: http://admin-PC:53167
2019-01-24 15:25:03: Server running at: http://admin-PC:53167
2019-01-24 15:25:14: Server running at: http://admin-PC:53167
2019-01-24 15:25:25: Server running at: http://admin-PC:53167
2019-01-24 15:25:45: Server running at: http://admin-PC:53310
2019-01-24 15:25:45: Server running at: http://admin-PC:53310
2019-01-24 15:25:46: Server running at: http://admin-PC:53310
2019-01-24 15:25:46: Server running at: http://admin-PC:53310
2019-01-24 15:26:00: Server running at: http://admin-PC:53310
2019-01-24 15:26:08: Server running at: http://admin-PC:53310
2019-01-24 15:26:19: Server running at: http://admin-PC:53310
2019-01-24 15:26:30: Server running at: http://admin-PC:53310
2019-01-24 15:26:51: Server running at: http://admin-PC:53509
2019-01-24 15:26:51: Server running at: http://admin-PC:53509
2019-01-24 15:26:51: Server running at: http://admin-PC:53509
2019-01-24 15:26:52: Server running at: http://admin-PC:53509
2019-01-24 15:27:00: Server running at: http://admin-PC:53509
2019-01-24 15:27:11: Server running at: http://admin-PC:53509
2019-01-24 15:27:21: Server running at: http://admin-PC:53509
2019-01-24 15:27:32: Server running at: http://admin-PC:53509
2019-01-24 15:28:02: Server running at: http://admin-PC:53509
2019-01-24 15:28:13: Server running at: http://admin-PC:53509
2019-01-24 15:28:24: Server running at: http://admin-PC:53509
2019-01-24 15:28:36: Server running at: http://admin-PC:53509
2019-01-24 15:30:11: Server running at: http://admin-PC:54300
2019-01-24 15:30:11: Server running at: http://admin-PC:54300
2019-01-24 15:30:12: Server running at: http://admin-PC:54300
2019-01-24 15:30:12: Server running at: http://admin-PC:54300
2019-01-24 15:30:30: Server running at: http://admin-PC:54300
2019-01-24 15:30:55: Server running at: http://admin-PC:54429
2019-01-24 15:30:55: Server running at: http://admin-PC:54429
2019-01-24 15:30:55: Server running at: http://admin-PC:54429
2019-01-24 15:30:58: Server running at: http://admin-PC:54429
2019-01-24 15:31:01: Server running at: http://admin-PC:54429
2019-01-24 15:31:12: Server running at: http://admin-PC:54429
2019-01-24 15:32:20: Server running at: http://admin-PC:54761
2019-01-24 15:32:21: Server running at: http://admin-PC:54761
2019-01-24 15:32:22: Server running at: http://admin-PC:54761
2019-01-24 15:32:22: Server running at: http://admin-PC:54761
2019-01-24 15:33:05: Server running at: http://admin-PC:54895
2019-01-24 15:33:30: Server running at: http://admin-PC:54977
2019-01-24 15:34:34: Server running at: http://admin-PC:55162
2019-01-24 15:35:47: production
2019-01-24 15:35:49: Server running at: http://localhost:8000
2019-01-24 15:36:03: production
2019-01-24 15:36:04: Server running at: http://localhost:8000
2019-01-24 15:36:11: production
2019-01-24 15:36:14: Server running at: http://localhost:8000
2019-01-24 15:36:16: 190124/073616.029, (1548315376029:admin-PC:15372:jraazwfn:10000) [response] http://localhost:8000: [1;32mget[0m /documentation {} [32m200[0m (71ms)
2019-01-24 15:36:16: 190124/073616.128, (1548315376128:admin-PC:15372:jraazwfn:10001) [response] http://localhost:8000: [1;32mget[0m /swaggerui/css/typography.css {} [36m304[0m (19ms)
2019-01-24 15:36:16: 190124/073616.132, (1548315376132:admin-PC:15372:jraazwfn:10002) [response] http://localhost:8000: [1;32mget[0m /swaggerui/css/reset.css {} [36m304[0m (18ms)
2019-01-24 15:36:16: 190124/073616.151, (1548315376151:admin-PC:15372:jraazwfn:10003) [response] http://localhost:8000: [1;32mget[0m /swaggerui/css/screen.css {} [36m304[0m (8ms)
2019-01-24 15:36:16: 190124/073616.152, (1548315376152:admin-PC:15372:jraazwfn:10004) [response] http://localhost:8000: [1;32mget[0m /swaggerui/lib/jquery-1.8.0.min.js {} [36m304[0m (22ms)
2019-01-24 15:36:16: 190124/073616.165, (1548315376165:admin-PC:15372:jraazwfn:10005) [response] http://localhost:8000: [1;32mget[0m /swaggerui/lib/jquery.slideto.min.js {} [36m304[0m (14ms)
2019-01-24 15:36:16: 190124/073616.183, (1548315376183:admin-PC:15372:jraazwfn:10006) [response] http://localhost:8000: [1;32mget[0m /swaggerui/lib/jquery.wiggle.min.js {} [36m304[0m (7ms)
2019-01-24 15:36:16: 190124/073616.183, (1548315376183:admin-PC:15372:jraazwfn:10007) [response] http://localhost:8000: [1;32mget[0m /swaggerui/lib/jquery.ba-bbq.min.js {} [36m304[0m (9ms)
2019-01-24 15:36:16: 190124/073616.193, (1548315376193:admin-PC:15372:jraazwfn:10008) [response] http://localhost:8000: [1;32mget[0m /swaggerui/lib/handlebars-2.0.0.js {} [36m304[0m (13ms)
2019-01-24 15:36:16: 190124/073616.199, (1548315376199:admin-PC:15372:jraazwfn:10009) [response] http://localhost:8000: [1;32mget[0m /swaggerui/lib/js-yaml.min.js {} [36m304[0m (11ms)
2019-01-24 15:36:16: 190124/073616.213, (1548315376213:admin-PC:15372:jraazwfn:10010) [response] http://localhost:8000: [1;32mget[0m /swaggerui/lib/lodash.min.js {} [36m304[0m (9ms)
2019-01-24 15:36:16: 190124/073616.217, (1548315376217:admin-PC:15372:jraazwfn:10011) [response] http://localhost:8000: [1;32mget[0m /swaggerui/lib/backbone-min.js {} [36m304[0m (8ms)
2019-01-24 15:36:16: 190124/073616.227, (1548315376227:admin-PC:15372:jraazwfn:10013) [response] http://localhost:8000: [1;32mget[0m /swaggerui/lib/highlight.7.3.pack.js {} [36m304[0m (11ms)
2019-01-24 15:36:16: 190124/073616.238, (1548315376238:admin-PC:15372:jraazwfn:10014) [response] http://localhost:8000: [1;32mget[0m /swaggerui/lib/jsoneditor.min.js {} [36m304[0m (23ms)
2019-01-24 15:36:16: 190124/073616.267, (1548315376267:admin-PC:15372:jraazwfn:10015) [response] http://localhost:8000: [1;32mget[0m /swaggerui/lib/marked.js {} [36m304[0m (19ms)
2019-01-24 15:36:16: 190124/073616.288, (1548315376288:admin-PC:15372:jraazwfn:10016) [response] http://localhost:8000: [1;32mget[0m /swaggerui/lib/swagger-oauth.js {} [36m304[0m (9ms)
2019-01-24 15:36:16: 190124/073616.289, (1548315376289:admin-PC:15372:jraazwfn:10017) [response] http://localhost:8000: [1;32mget[0m /swaggerui/extend.js {} [36m304[0m (12ms)
2019-01-24 15:36:16: 190124/073616.299, (1548315376299:admin-PC:15372:jraazwfn:10018) [response] http://localhost:8000: [1;32mget[0m /swaggerui/lang/translator.js {} [36m304[0m (9ms)
2019-01-24 15:36:16: 190124/073616.305, (1548315376305:admin-PC:15372:jraazwfn:10019) [response] http://localhost:8000: [1;32mget[0m /swaggerui/lang/en.js {} [36m304[0m (6ms)
2019-01-24 15:36:16: 190124/073616.226, (1548315376226:admin-PC:15372:jraazwfn:10012) [response] http://localhost:8000: [1;32mget[0m /swaggerui/swagger-ui.js {} [36m304[0m (114ms)
2019-01-24 15:36:16: 190124/073616.570, (1548315376570:admin-PC:15372:jraazwfn:10020) [response] http://localhost:8000: [1;32mget[0m /swaggerui/css/print.css {} [36m304[0m (8ms)
2019-01-24 15:36:16: 190124/073616.685, (1548315376685:admin-PC:15372:jraazwfn:10021) [response] http://localhost:8000: [1;32mget[0m /swaggerui/images/logo_small.png {} [36m304[0m (7ms)
2019-01-24 15:36:16: 190124/073616.686, (1548315376686:admin-PC:15372:jraazwfn:10022) [response] http://localhost:8000: [1;32mget[0m /swaggerui/fonts/DroidSans-Bold.ttf {} [36m304[0m (10ms)
2019-01-24 15:36:16: 190124/073616.688, (1548315376688:admin-PC:15372:jraazwfn:10023) [response] http://localhost:8000: [1;32mget[0m /swaggerui/fonts/DroidSans.ttf {} [36m304[0m (11ms)
2019-01-24 15:36:16: 190124/073616.707, (1548315376707:admin-PC:15372:jraazwfn:10024) [response] http://localhost:8000: [1;32mget[0m /swagger.json {} [32m200[0m (74ms)
2019-01-24 15:36:17: 190124/073616.993, (1548315376993:admin-PC:15372:jraazwfn:10025) [response] http://localhost:8000: [1;32mget[0m /swaggerui/images/favicon-32x32.png {} [32m200[0m (11ms)
2019-01-24 15:36:17: 190124/073617.019, (1548315377019:admin-PC:15372:jraazwfn:10026) [response] http://localhost:8000: [1;32mget[0m /swaggerui/images/favicon-16x16.png {} [36m304[0m (3ms)
2019-01-24 15:36:17: 190124/073617.072, (1548315377072:admin-PC:15372:jraazwfn:10027) [response] http://localhost:8000: [1;32mget[0m /swaggerui/images/throbber.gif {} [36m304[0m (3ms)
2019-01-24 15:37:51: production
2019-01-24 15:37:53: Server running at: http://localhost:8000
2019-01-24 15:41:16: production
2019-01-24 15:41:17: Server running at: http://localhost:8000
2019-01-24 15:41:35: production
2019-01-24 15:41:37: Server running at: http://localhost:8000
2019-01-24 15:41:46: development
2019-01-24 15:41:49: Server running at: http://localhost:8001
2019-01-24 15:42:13: 190124/074213.722, (1548315733722:admin-PC:18120:jrab72w5:10000) [response] http://localhost:8001: [1;32mget[0m /documentation {} [32m200[0m (59ms)
2019-01-24 15:42:13: 190124/074213.805, (1548315733805:admin-PC:18120:jrab72w5:10001) [response] http://localhost:8001: [1;32mget[0m /swaggerui/css/typography.css {} [32m200[0m (21ms)
2019-01-24 15:42:13: 190124/074213.808, (1548315733808:admin-PC:18120:jrab72w5:10002) [response] http://localhost:8001: [1;32mget[0m /swaggerui/css/reset.css {} [32m200[0m (27ms)
2019-01-24 15:42:13: 190124/074213.836, (1548315733836:admin-PC:18120:jrab72w5:10003) [response] http://localhost:8001: [1;32mget[0m /swaggerui/css/screen.css {} [32m200[0m (14ms)
2019-01-24 15:42:13: 190124/074213.838, (1548315733838:admin-PC:18120:jrab72w5:10004) [response] http://localhost:8001: [1;32mget[0m /swaggerui/lib/jquery-1.8.0.min.js {} [32m200[0m (35ms)
2019-01-24 15:42:13: 190124/074213.860, (1548315733860:admin-PC:18120:jrab72w5:10005) [response] http://localhost:8001: [1;32mget[0m /swaggerui/lib/jquery.slideto.min.js {} [32m200[0m (22ms)
2019-01-24 15:42:13: 190124/074213.877, (1548315733877:admin-PC:18120:jrab72w5:10006) [response] http://localhost:8001: [1;32mget[0m /swaggerui/lib/jquery.wiggle.min.js {} [32m200[0m (18ms)
2019-01-24 15:42:13: 190124/074213.882, (1548315733882:admin-PC:18120:jrab72w5:10007) [response] http://localhost:8001: [1;32mget[0m /swaggerui/lib/jquery.ba-bbq.min.js {} [32m200[0m (22ms)
2019-01-24 15:42:13: 190124/074213.904, (1548315733904:admin-PC:18120:jrab72w5:10009) [response] http://localhost:8001: [1;32mget[0m /swaggerui/lib/js-yaml.min.js {} [32m200[0m (27ms)
2019-01-24 15:42:13: 190124/074213.896, (1548315733896:admin-PC:18120:jrab72w5:10008) [response] http://localhost:8001: [1;32mget[0m /swaggerui/lib/handlebars-2.0.0.js {} [32m200[0m (40ms)
2019-01-24 15:42:13: 190124/074213.937, (1548315733937:admin-PC:18120:jrab72w5:10011) [response] http://localhost:8001: [1;32mget[0m /swaggerui/lib/backbone-min.js {} [32m200[0m (22ms)
2019-01-24 15:42:13: 190124/074213.937, (1548315733937:admin-PC:18120:jrab72w5:10010) [response] http://localhost:8001: [1;32mget[0m /swaggerui/lib/lodash.min.js {} [32m200[0m (27ms)
2019-01-24 15:42:13: 190124/074213.979, (1548315733979:admin-PC:18120:jrab72w5:10013) [response] http://localhost:8001: [1;32mget[0m /swaggerui/lib/highlight.7.3.pack.js {} [32m200[0m (15ms)
2019-01-24 15:42:14: 190124/074213.982, (1548315733982:admin-PC:18120:jrab72w5:10014) [response] http://localhost:8001: [1;32mget[0m /swaggerui/lib/jsoneditor.min.js {} [32m200[0m (37ms)
2019-01-24 15:42:14: 190124/074214.002, (1548315734002:admin-PC:18120:jrab72w5:10015) [response] http://localhost:8001: [1;32mget[0m /swaggerui/lib/marked.js {} [32m200[0m (25ms)
2019-01-24 15:42:14: 190124/074214.021, (1548315734021:admin-PC:18120:jrab72w5:10016) [response] http://localhost:8001: [1;32mget[0m /swaggerui/lib/swagger-oauth.js {} [32m200[0m (68ms)
2019-01-24 15:42:14: 190124/074214.035, (1548315734035:admin-PC:18120:jrab72w5:10017) [response] http://localhost:8001: [1;32mget[0m /swaggerui/extend.js {} [32m200[0m (75ms)
2019-01-24 15:42:14: 190124/074214.090, (1548315734090:admin-PC:18120:jrab72w5:10018) [response] http://localhost:8001: [1;32mget[0m /swaggerui/lang/translator.js {} [32m200[0m (25ms)
2019-01-24 15:42:14: 190124/074214.117, (1548315734117:admin-PC:18120:jrab72w5:10019) [response] http://localhost:8001: [1;32mget[0m /swaggerui/lang/en.js {} [32m200[0m (19ms)
2019-01-24 15:42:14: 190124/074214.230, (1548315734230:admin-PC:18120:jrab72w5:10020) [response] http://localhost:8001: [1;32mget[0m /swaggerui/css/print.css {} [32m200[0m (33ms)
2019-01-24 15:42:14: 190124/074213.978, (1548315733978:admin-PC:18120:jrab72w5:10012) [response] http://localhost:8001: [1;32mget[0m /swaggerui/swagger-ui.js {} [32m200[0m (460ms)
2019-01-24 15:42:14: 190124/074214.646, (1548315734646:admin-PC:18120:jrab72w5:10021) [response] http://localhost:8001: [1;32mget[0m /swaggerui/images/logo_small.png {} [32m200[0m (10ms)
2019-01-24 15:42:14: 190124/074214.648, (1548315734648:admin-PC:18120:jrab72w5:10022) [response] http://localhost:8001: [1;32mget[0m /swaggerui/fonts/DroidSans-Bold.ttf {} [32m200[0m (12ms)
2019-01-24 15:42:14: 190124/074214.652, (1548315734652:admin-PC:18120:jrab72w5:10023) [response] http://localhost:8001: [1;32mget[0m /swaggerui/fonts/DroidSans.ttf {} [32m200[0m (25ms)
2019-01-24 15:42:14: 190124/074214.734, (1548315734734:admin-PC:18120:jrab72w5:10024) [response] http://localhost:8001: [1;32mget[0m /swagger.json {} [32m200[0m (74ms)
2019-01-24 15:42:15: 190124/074215.029, (1548315735029:admin-PC:18120:jrab72w5:10025) [response] http://localhost:8001: [1;32mget[0m /swaggerui/images/favicon-32x32.png {} [32m200[0m (28ms)
2019-01-24 15:42:15: 190124/074215.052, (1548315735052:admin-PC:18120:jrab72w5:10026) [response] http://localhost:8001: [1;32mget[0m /swaggerui/images/favicon-16x16.png {} [32m200[0m (8ms)
2019-01-24 15:42:15: 190124/074215.122, (1548315735122:admin-PC:18120:jrab72w5:10027) [response] http://localhost:8001: [1;32mget[0m /swaggerui/images/throbber.gif {} [32m200[0m (6ms)
2019-01-24 15:42:29: Server running at: http://localhost:8001
2019-01-24 15:42:36: Server running at: http://localhost:8001
2019-01-24 15:43:25: Server running at: http://localhost:8001
2019-01-24 15:43:42: Server running at: http://localhost:8001
2019-01-24 15:44:30: Server running at: http://localhost:8000
2019-01-24 15:44:37: 190124/074437.162, (1548315877162:admin-PC:17104:jrabaj84:10000) [response] http://localhost:8000: [1;32mget[0m /documentation {} [32m200[0m (52ms)
2019-01-24 15:44:37: 190124/074437.266, (1548315877266:admin-PC:17104:jrabaj84:10001) [response] http://localhost:8000: [1;32mget[0m /swaggerui/css/typography.css {} [36m304[0m (12ms)
2019-01-24 15:44:37: 190124/074437.269, (1548315877269:admin-PC:17104:jrabaj84:10002) [response] http://localhost:8000: [1;32mget[0m /swaggerui/css/reset.css {} [36m304[0m (12ms)
2019-01-24 15:44:37: 190124/074437.304, (1548315877304:admin-PC:17104:jrabaj84:10003) [response] http://localhost:8000: [1;32mget[0m /swaggerui/css/screen.css {} [36m304[0m (13ms)
2019-01-24 15:44:37: 190124/074437.310, (1548315877310:admin-PC:17104:jrabaj84:10004) [response] http://localhost:8000: [1;32mget[0m /swaggerui/lib/jquery-1.8.0.min.js {} [36m304[0m (13ms)
2019-01-24 15:44:37: 190124/074437.320, (1548315877320:admin-PC:17104:jrabaj84:10005) [response] http://localhost:8000: [1;32mget[0m /swaggerui/lib/jquery.slideto.min.js {} [36m304[0m (7ms)
2019-01-24 15:44:37: 190124/074437.332, (1548315877332:admin-PC:17104:jrabaj84:10006) [response] http://localhost:8000: [1;32mget[0m /swaggerui/lib/jquery.wiggle.min.js {} [36m304[0m (4ms)
2019-01-24 15:44:37: 190124/074437.333, (1548315877333:admin-PC:17104:jrabaj84:10007) [response] http://localhost:8000: [1;32mget[0m /swaggerui/lib/jquery.ba-bbq.min.js {} [36m304[0m (6ms)
2019-01-24 15:44:37: 190124/074437.342, (1548315877342:admin-PC:17104:jrabaj84:10008) [response] http://localhost:8000: [1;32mget[0m /swaggerui/lib/handlebars-2.0.0.js {} [36m304[0m (7ms)
2019-01-24 15:44:37: 190124/074437.343, (1548315877343:admin-PC:17104:jrabaj84:10009) [response] http://localhost:8000: [1;32mget[0m /swaggerui/lib/js-yaml.min.js {} [36m304[0m (10ms)
2019-01-24 15:44:37: 190124/074437.358, (1548315877358:admin-PC:17104:jrabaj84:10010) [response] http://localhost:8000: [1;32mget[0m /swaggerui/lib/lodash.min.js {} [36m304[0m (27ms)
2019-01-24 15:44:37: 190124/074437.359, (1548315877359:admin-PC:17104:jrabaj84:10011) [response] http://localhost:8000: [1;32mget[0m /swaggerui/lib/backbone-min.js {} [36m304[0m (34ms)
2019-01-24 15:44:37: 190124/074437.396, (1548315877396:admin-PC:17104:jrabaj84:10013) [response] http://localhost:8000: [1;32mget[0m /swaggerui/lib/highlight.7.3.pack.js {} [36m304[0m (20ms)
2019-01-24 15:44:37: 190124/074437.408, (1548315877408:admin-PC:17104:jrabaj84:10014) [response] http://localhost:8000: [1;32mget[0m /swaggerui/lib/jsoneditor.min.js {} [36m304[0m (12ms)
2019-01-24 15:44:37: 190124/074437.428, (1548315877428:admin-PC:17104:jrabaj84:10015) [response] http://localhost:8000: [1;32mget[0m /swaggerui/lib/marked.js {} [36m304[0m (6ms)
2019-01-24 15:44:37: 190124/074437.430, (1548315877430:admin-PC:17104:jrabaj84:10016) [response] http://localhost:8000: [1;32mget[0m /swaggerui/lib/swagger-oauth.js {} [36m304[0m (7ms)
2019-01-24 15:44:37: 190124/074437.441, (1548315877441:admin-PC:17104:jrabaj84:10017) [response] http://localhost:8000: [1;32mget[0m /swaggerui/extend.js {} [36m304[0m (14ms)
2019-01-24 15:44:37: 190124/074437.442, (1548315877442:admin-PC:17104:jrabaj84:10018) [response] http://localhost:8000: [1;32mget[0m /swaggerui/lang/translator.js {} [36m304[0m (17ms)
2019-01-24 15:44:37: 190124/074437.459, (1548315877459:admin-PC:17104:jrabaj84:10019) [response] http://localhost:8000: [1;32mget[0m /swaggerui/lang/en.js {} [36m304[0m (15ms)
2019-01-24 15:44:37: 190124/074437.394, (1548315877394:admin-PC:17104:jrabaj84:10012) [response] http://localhost:8000: [1;32mget[0m /swaggerui/swagger-ui.js {} [36m304[0m (97ms)
2019-01-24 15:44:37: 190124/074437.660, (1548315877660:admin-PC:17104:jrabaj84:10020) [response] http://localhost:8000: [1;32mget[0m /swaggerui/css/print.css {} [36m304[0m (18ms)
2019-01-24 15:44:37: 190124/074437.858, (1548315877858:admin-PC:17104:jrabaj84:10021) [response] http://localhost:8000: [1;32mget[0m /swaggerui/images/logo_small.png {} [36m304[0m (18ms)
2019-01-24 15:44:37: 190124/074437.865, (1548315877865:admin-PC:17104:jrabaj84:10022) [response] http://localhost:8000: [1;32mget[0m /swaggerui/fonts/DroidSans-Bold.ttf {} [36m304[0m (14ms)
2019-01-24 15:44:37: 190124/074437.869, (1548315877869:admin-PC:17104:jrabaj84:10023) [response] http://localhost:8000: [1;32mget[0m /swaggerui/fonts/DroidSans.ttf {} [36m304[0m (19ms)
2019-01-24 15:44:38: 190124/074437.999, (1548315877999:admin-PC:17104:jrabaj84:10024) [response] http://localhost:8000: [1;32mget[0m /swagger.json {} [32m200[0m (76ms)
2019-01-24 15:44:38: 190124/074438.456, (1548315878456:admin-PC:17104:jrabaj84:10025) [response] http://localhost:8000: [1;32mget[0m /swaggerui/images/favicon-32x32.png {} [36m304[0m (27ms)
2019-01-24 15:44:38: 190124/074438.488, (1548315878488:admin-PC:17104:jrabaj84:10026) [response] http://localhost:8000: [1;32mget[0m /swaggerui/images/throbber.gif {} [36m304[0m (3ms)
2019-01-24 15:44:38: 190124/074438.568, (1548315878568:admin-PC:17104:jrabaj84:10027) [response] http://localhost:8000: [1;32mget[0m /swaggerui/images/favicon-16x16.png {} [36m304[0m (11ms)
2019-01-24 15:45:28: Server running at: http://localhost:8000
2019-01-24 15:48:05: Server running at: http://localhost:8000
2019-01-24 15:48:19: Server running at: http://localhost:8000
2019-01-24 15:48:28: Server running at: http://localhost:8000
2019-01-24 15:48:34: Server running at: http://localhost:8000
2019-01-24 15:49:35: Server running at: http://localhost:8000
2019-01-24 15:50:39: Server running at: http://localhost:8000
2019-01-24 15:50:47: Server running at: http://localhost:8000
2019-01-24 15:51:32: Server running at: http://localhost:8000
2019-01-24 15:54:32: Server running at: http://localhost:8000
2019-01-24 15:54:55: Server running at: http://localhost:8000
2019-01-24 15:55:21: Server running at: http://localhost:8000
2019-01-24 15:55:41: Server running at: http://localhost:8000
2019-01-24 15:56:30: Server running at: http://localhost:8000
2019-01-24 15:56:46: Server running at: http://localhost:8000
2019-01-24 15:57:22: Server running at: http://localhost:8000
2019-01-24 15:57:48: Server running at: http://localhost:8000
2019-01-24 15:58:05: Server running at: http://localhost:8000
2019-01-24 16:00:49: You have triggered an unhandledRejection, you may have forgotten to catch a Promise rejection:
2019-01-24 16:01:47: You have triggered an unhandledRejection, you may have forgotten to catch a Promise rejection:
2019-01-24 16:03:03: You have triggered an unhandledRejection, you may have forgotten to catch a Promise rejection:
2019-01-24 16:03:19: Server running at: http://localhost:8000
2019-01-24 16:03:26: Server running at: http://localhost:8000
2019-01-24 16:03:36: Server running at: http://localhost:8001
2019-01-24 16:03:36: 190124/080336.874, (1548317016874:admin-PC:9132:jrabz3qt:10000) [response] http://localhost:8001: [1;32mget[0m /documentation {} [32m200[0m (67ms)
2019-01-24 16:03:36: 190124/080336.968, (1548317016968:admin-PC:9132:jrabz3qt:10001) [response] http://localhost:8001: [1;32mget[0m /swaggerui/css/typography.css {} [36m304[0m (13ms)
2019-01-24 16:03:36: 190124/080336.972, (1548317016972:admin-PC:9132:jrabz3qt:10002) [response] http://localhost:8001: [1;32mget[0m /swaggerui/css/reset.css {} [36m304[0m (13ms)
2019-01-24 16:03:36: 190124/080336.982, (1548317016982:admin-PC:9132:jrabz3qt:10003) [response] http://localhost:8001: [1;32mget[0m /swaggerui/css/screen.css {} [36m304[0m (7ms)
2019-01-24 16:03:37: 190124/080337.012, (1548317017012:admin-PC:9132:jrabz3qt:10005) [response] http://localhost:8001: [1;32mget[0m /swaggerui/lib/jquery.slideto.min.js {} [36m304[0m (11ms)
2019-01-24 16:03:37: 190124/080337.013, (1548317017013:admin-PC:9132:jrabz3qt:10006) [response] http://localhost:8001: [1;32mget[0m /swaggerui/lib/jquery.wiggle.min.js {} [36m304[0m (12ms)
2019-01-24 16:03:37: 190124/080337.012, (1548317017012:admin-PC:9132:jrabz3qt:10004) [response] http://localhost:8001: [1;32mget[0m /swaggerui/lib/jquery-1.8.0.min.js {} [36m304[0m (16ms)
2019-01-24 16:03:37: 190124/080337.029, (1548317017029:admin-PC:9132:jrabz3qt:10007) [response] http://localhost:8001: [1;32mget[0m /swaggerui/lib/jquery.ba-bbq.min.js {} [36m304[0m (63ms)
2019-01-24 16:03:37: 190124/080337.029, (1548317017029:admin-PC:9132:jrabz3qt:10008) [response] http://localhost:8001: [1;32mget[0m /swaggerui/lib/handlebars-2.0.0.js {} [36m304[0m (73ms)
2019-01-24 16:03:37: 190124/080337.043, (1548317017043:admin-PC:9132:jrabz3qt:10009) [response] http://localhost:8001: [1;32mget[0m /swaggerui/lib/js-yaml.min.js {} [36m304[0m (64ms)
2019-01-24 16:03:37: 190124/080337.108, (1548317017108:admin-PC:9132:jrabz3qt:10010) [response] http://localhost:8001: [1;32mget[0m /swaggerui/lib/lodash.min.js {} [36m304[0m (19ms)
2019-01-24 16:03:37: 190124/080337.122, (1548317017122:admin-PC:9132:jrabz3qt:10011) [response] http://localhost:8001: [1;32mget[0m /swaggerui/lib/backbone-min.js {} [36m304[0m (12ms)
2019-01-24 16:03:37: 190124/080337.134, (1548317017134:admin-PC:9132:jrabz3qt:10013) [response] http://localhost:8001: [1;32mget[0m /swaggerui/lib/highlight.7.3.pack.js {} [36m304[0m (8ms)
2019-01-24 16:03:37: 190124/080337.136, (1548317017136:admin-PC:9132:jrabz3qt:10014) [response] http://localhost:8001: [1;32mget[0m /swaggerui/lib/jsoneditor.min.js {} [36m304[0m (12ms)
2019-01-24 16:03:37: 190124/080337.157, (1548317017157:admin-PC:9132:jrabz3qt:10015) [response] http://localhost:8001: [1;32mget[0m /swaggerui/lib/marked.js {} [36m304[0m (8ms)
2019-01-24 16:03:37: 190124/080337.159, (1548317017159:admin-PC:9132:jrabz3qt:10016) [response] http://localhost:8001: [1;32mget[0m /swaggerui/lib/swagger-oauth.js {} [36m304[0m (11ms)
2019-01-24 16:03:37: 190124/080337.170, (1548317017170:admin-PC:9132:jrabz3qt:10017) [response] http://localhost:8001: [1;32mget[0m /swaggerui/extend.js {} [36m304[0m (7ms)
2019-01-24 16:03:37: 190124/080337.172, (1548317017172:admin-PC:9132:jrabz3qt:10018) [response] http://localhost:8001: [1;32mget[0m /swaggerui/lang/translator.js {} [36m304[0m (7ms)
2019-01-24 16:03:37: 190124/080337.180, (1548317017180:admin-PC:9132:jrabz3qt:10019) [response] http://localhost:8001: [1;32mget[0m /swaggerui/lang/en.js {} [36m304[0m (8ms)
2019-01-24 16:03:37: 190124/080337.124, (1548317017124:admin-PC:9132:jrabz3qt:10012) [response] http://localhost:8001: [1;32mget[0m /swaggerui/swagger-ui.js {} [36m304[0m (86ms)
2019-01-24 16:03:37: 190124/080337.379, (1548317017379:admin-PC:9132:jrabz3qt:10020) [response] http://localhost:8001: [1;32mget[0m /swaggerui/css/print.css {} [36m304[0m (11ms)
2019-01-24 16:03:37: 190124/080337.760, (1548317017760:admin-PC:9132:jrabz3qt:10021) [response] http://localhost:8001: [1;32mget[0m /swaggerui/images/logo_small.png {} [36m304[0m (12ms)
2019-01-24 16:03:37: 190124/080337.783, (1548317017783:admin-PC:9132:jrabz3qt:10024) [response] http://localhost:8001: [1;32mget[0m /swagger.json {} [32m200[0m (87ms)
2019-01-24 16:03:37: 190124/080337.772, (1548317017772:admin-PC:9132:jrabz3qt:10022) [response] http://localhost:8001: [1;32mget[0m /swaggerui/fonts/DroidSans-Bold.ttf {} [36m304[0m (101ms)
2019-01-24 16:03:37: 190124/080337.773, (1548317017773:admin-PC:9132:jrabz3qt:10023) [response] http://localhost:8001: [1;32mget[0m /swaggerui/fonts/DroidSans.ttf {} [36m304[0m (109ms)
2019-01-24 16:03:38: 190124/080338.196, (1548317018196:admin-PC:9132:jrabz3qt:10025) [response] http://localhost:8001: [1;32mget[0m /swaggerui/images/throbber.gif {} [36m304[0m (16ms)
2019-01-24 16:03:38: 190124/080338.255, (1548317018255:admin-PC:9132:jrabz3qt:10026) [response] http://localhost:8001: [1;32mget[0m /swaggerui/images/favicon-32x32.png {} [36m304[0m (10ms)
2019-01-24 16:03:38: 190124/080338.297, (1548317018297:admin-PC:9132:jrabz3qt:10027) [response] http://localhost:8001: [1;32mget[0m /swaggerui/images/favicon-16x16.png {} [36m304[0m (14ms)
2019-01-24 16:03:44: Executing (default): SELECT count(*) AS `count` FROM `goods` AS `goods` WHERE `goods`.`shop_id` = '1';
2019-01-24 16:03:44: Executing (default): SELECT `id`, `name`, `shop_id` FROM `goods` AS `goods` WHERE `goods`.`shop_id` = '1';
2019-01-24 16:03:44: { results, totalCount }:  { results: [], totalCount: 0 }
2019-01-24 16:03:44: 190124/080344.262, (1548317024262:admin-PC:9132:jrabz3qt:10028) [response,api,shops] http://localhost:8001: [1;32mget[0m /shops/1/goods {} [32m200[0m (94ms)
2019-01-24 16:04:06: Executing (default): SELECT count(*) AS `count` FROM `goods` AS `goods` WHERE `goods`.`shop_id` = '1';
2019-01-24 16:04:06: Executing (default): SELECT `id`, `name`, `shop_id` FROM `goods` AS `goods` WHERE `goods`.`shop_id` = '1';
2019-01-24 16:04:06: { results, totalCount }:  { results: 
2019-01-24 16:04:06:    [ goods {
2019-01-24 16:04:06:        dataValues: [Object],
2019-01-24 16:04:06:        _previousDataValues: [Object],
2019-01-24 16:04:06:        _changed: {},
2019-01-24 16:04:06:        _modelOptions: [Object],
2019-01-24 16:04:06:        _options: [Object],
2019-01-24 16:04:06:        __eagerlyLoadedAssociations: [],
2019-01-24 16:04:06:        isNewRecord: false } ],
2019-01-24 16:04:06:   totalCount: 1 }
2019-01-24 16:04:06: 190124/080406.205, (1548317046205:admin-PC:9132:jrabz3qt:10029) [response,api,shops] http://localhost:8001: [1;32mget[0m /shops/1/goods {} [32m200[0m (39ms)
2019-01-24 16:04:21: Executing (default): SELECT count(*) AS `count` FROM `goods` AS `goods` WHERE `goods`.`shop_id` = '2';
2019-01-24 16:04:21: Executing (default): SELECT `id`, `name`, `shop_id` FROM `goods` AS `goods` WHERE `goods`.`shop_id` = '2';
2019-01-24 16:04:21: { results, totalCount }:  { results: 
2019-01-24 16:04:21:    [ goods {
2019-01-24 16:04:21:        dataValues: [Object],
2019-01-24 16:04:21:        _previousDataValues: [Object],
2019-01-24 16:04:21:        _changed: {},
2019-01-24 16:04:21:        _modelOptions: [Object],
2019-01-24 16:04:21:        _options: [Object],
2019-01-24 16:04:21:        __eagerlyLoadedAssociations: [],
2019-01-24 16:04:21:        isNewRecord: false } ],
2019-01-24 16:04:21:   totalCount: 1 }
2019-01-24 16:04:21: 190124/080421.673, (1548317061673:admin-PC:9132:jrabz3qt:10030) [response,api,shops] http://localhost:8001: [1;32mget[0m /shops/2/goods {} [32m200[0m (10ms)
2019-01-24 16:05:04: Executing (default): SELECT count(*) AS `count` FROM `goods` AS `goods` WHERE `goods`.`shop_id` = '2';
2019-01-24 16:05:04: Executing (default): SELECT `id`, `name`, `shop_id` FROM `goods` AS `goods` WHERE `goods`.`shop_id` = '2';
2019-01-24 16:05:04: { results, totalCount }:  { results: 
2019-01-24 16:05:04:    [ goods {
2019-01-24 16:05:04:        dataValues: [Object],
2019-01-24 16:05:04:        _previousDataValues: [Object],
2019-01-24 16:05:04:        _changed: {},
2019-01-24 16:05:04:        _modelOptions: [Object],
2019-01-24 16:05:04:        _options: [Object],
2019-01-24 16:05:04:        __eagerlyLoadedAssociations: [],
2019-01-24 16:05:04:        isNewRecord: false } ],
2019-01-24 16:05:04:   totalCount: 1 }
2019-01-24 16:05:04: 190124/080504.722, (1548317104722:admin-PC:9132:jrabz3qt:10031) [response,api,shops] http://localhost:8001: [1;32mget[0m /shops/2/goods {} [32m200[0m (19ms)
2019-01-24 16:05:08: Executing (default): SELECT count(*) AS `count` FROM `goods` AS `goods` WHERE `goods`.`shop_id` = 'he';
2019-01-24 16:05:08: Executing (default): SELECT `id`, `name`, `shop_id` FROM `goods` AS `goods` WHERE `goods`.`shop_id` = 'he';
2019-01-24 16:05:08: { results, totalCount }:  { results: [], totalCount: 0 }
2019-01-24 16:05:08: 190124/080508.541, (1548317108541:admin-PC:9132:jrabz3qt:10032) [response,api,shops] http://localhost:8001: [1;32mget[0m /shops/he/goods {} [32m200[0m (17ms)
2019-01-24 16:07:00: Server running at: http://localhost:8001
2019-01-24 16:07:23: Server running at: http://localhost:8000
2019-01-24 16:08:03: Server running at: http://localhost:8001
2019-01-24 16:08:06: Executing (default): SELECT count(*) AS `count` FROM `goods` AS `goods` WHERE `goods`.`shop_id` = '1';
2019-01-24 16:08:06: Executing (default): SELECT `id`, `name`, `shop_id` FROM `goods` AS `goods` WHERE `goods`.`shop_id` = '1';
2019-01-24 16:08:06: { results, totalCount }:  { results: 
2019-01-24 16:08:06:    [ goods {
2019-01-24 16:08:06:        dataValues: [Object],
2019-01-24 16:08:06:        _previousDataValues: [Object],
2019-01-24 16:08:06:        _changed: {},
2019-01-24 16:08:06:        _modelOptions: [Object],
2019-01-24 16:08:06:        _options: [Object],
2019-01-24 16:08:06:        __eagerlyLoadedAssociations: [],
2019-01-24 16:08:06:        isNewRecord: false } ],
2019-01-24 16:08:06:   totalCount: 1 }
2019-01-24 16:08:06: 190124/080806.341, (1548317286341:admin-PC:18196:jrac4ttk:10000) [response,api,shops] http://localhost:8001: [1;32mget[0m /shops/1/goods {} [32m200[0m (96ms)
2019-01-24 16:08:27: Server running at: http://localhost:8001
2019-02-12 23:36:30: Server running at: http://localhost:8001
2019-02-12 23:38:10: 190212/153810.460, (1549985890460:PC-20171019KHXF:9848:js1xipo4:10000) [response] http://localhost:8001: [1;32mget[0m /documentation {} [32m200[0m (41ms)
2019-02-12 23:38:10: 190212/153810.538, (1549985890538:PC-20171019KHXF:9848:js1xipo4:10001) [response] http://localhost:8001: [1;32mget[0m /swaggerui/css/typography.css {} [32m200[0m (19ms)
2019-02-12 23:38:10: 190212/153810.540, (1549985890540:PC-20171019KHXF:9848:js1xipo4:10002) [response] http://localhost:8001: [1;32mget[0m /swaggerui/css/reset.css {} [32m200[0m (18ms)
2019-02-12 23:38:10: 190212/153810.559, (1549985890559:PC-20171019KHXF:9848:js1xipo4:10003) [response] http://localhost:8001: [1;32mget[0m /swaggerui/css/screen.css {} [32m200[0m (8ms)
2019-02-12 23:38:10: 190212/153810.569, (1549985890569:PC-20171019KHXF:9848:js1xipo4:10005) [response] http://localhost:8001: [1;32mget[0m /swaggerui/lib/jquery.slideto.min.js {} [32m200[0m (6ms)
2019-02-12 23:38:10: 190212/153810.561, (1549985890561:PC-20171019KHXF:9848:js1xipo4:10004) [response] http://localhost:8001: [1;32mget[0m /swaggerui/lib/jquery-1.8.0.min.js {} [32m200[0m (17ms)
2019-02-12 23:38:10: 190212/153810.576, (1549985890576:PC-20171019KHXF:9848:js1xipo4:10006) [response] http://localhost:8001: [1;32mget[0m /swaggerui/lib/jquery.wiggle.min.js {} [32m200[0m (8ms)
2019-02-12 23:38:10: 190212/153810.579, (1549985890579:PC-20171019KHXF:9848:js1xipo4:10007) [response] http://localhost:8001: [1;32mget[0m /swaggerui/lib/jquery.ba-bbq.min.js {} [32m200[0m (8ms)
2019-02-12 23:38:10: 190212/153810.587, (1549985890587:PC-20171019KHXF:9848:js1xipo4:10008) [response] http://localhost:8001: [1;32mget[0m /swaggerui/lib/handlebars-2.0.0.js {} [32m200[0m (8ms)
2019-02-12 23:38:10: 190212/153810.590, (1549985890590:PC-20171019KHXF:9848:js1xipo4:10009) [response] http://localhost:8001: [1;32mget[0m /swaggerui/lib/js-yaml.min.js {} [32m200[0m (10ms)
2019-02-12 23:38:10: 190212/153810.597, (1549985890597:PC-20171019KHXF:9848:js1xipo4:10010) [response] http://localhost:8001: [1;32mget[0m /swaggerui/lib/lodash.min.js {} [32m200[0m (11ms)
2019-02-12 23:38:10: 190212/153810.604, (1549985890604:PC-20171019KHXF:9848:js1xipo4:10011) [response] http://localhost:8001: [1;32mget[0m /swaggerui/lib/backbone-min.js {} [32m200[0m (10ms)
2019-02-12 23:38:10: 190212/153810.623, (1549985890623:PC-20171019KHXF:9848:js1xipo4:10013) [response] http://localhost:8001: [1;32mget[0m /swaggerui/lib/highlight.7.3.pack.js {} [32m200[0m (5ms)
2019-02-12 23:38:10: 190212/153810.631, (1549985890631:PC-20171019KHXF:9848:js1xipo4:10014) [response] http://localhost:8001: [1;32mget[0m /swaggerui/lib/jsoneditor.min.js {} [32m200[0m (16ms)
2019-02-12 23:38:10: 190212/153810.649, (1549985890649:PC-20171019KHXF:9848:js1xipo4:10015) [response] http://localhost:8001: [1;32mget[0m /swaggerui/lib/marked.js {} [32m200[0m (8ms)
2019-02-12 23:38:10: 190212/153810.660, (1549985890660:PC-20171019KHXF:9848:js1xipo4:10016) [response] http://localhost:8001: [1;32mget[0m /swaggerui/lib/swagger-oauth.js {} [32m200[0m (4ms)
2019-02-12 23:38:10: 190212/153810.666, (1549985890666:PC-20171019KHXF:9848:js1xipo4:10017) [response] http://localhost:8001: [1;32mget[0m /swaggerui/extend.js {} [32m200[0m (6ms)
2019-02-12 23:38:10: 190212/153810.674, (1549985890674:PC-20171019KHXF:9848:js1xipo4:10018) [response] http://localhost:8001: [1;32mget[0m /swaggerui/lang/translator.js {} [32m200[0m (7ms)
2019-02-12 23:38:10: 190212/153810.683, (1549985890683:PC-20171019KHXF:9848:js1xipo4:10019) [response] http://localhost:8001: [1;32mget[0m /swaggerui/lang/en.js {} [32m200[0m (9ms)
2019-02-12 23:38:10: 190212/153810.701, (1549985890701:PC-20171019KHXF:9848:js1xipo4:10020) [response] http://localhost:8001: [1;32mget[0m /swaggerui/css/print.css {} [32m200[0m (6ms)
2019-02-12 23:38:10: 190212/153810.610, (1549985890610:PC-20171019KHXF:9848:js1xipo4:10012) [response] http://localhost:8001: [1;32mget[0m /swaggerui/swagger-ui.js {} [32m200[0m (186ms)
2019-02-12 23:38:10: 190212/153810.854, (1549985890854:PC-20171019KHXF:9848:js1xipo4:10021) [response] http://localhost:8001: [1;32mget[0m /swaggerui/images/logo_small.png {} [32m200[0m (7ms)
2019-02-12 23:38:10: 190212/153810.856, (1549985890856:PC-20171019KHXF:9848:js1xipo4:10022) [response] http://localhost:8001: [1;32mget[0m /swaggerui/fonts/DroidSans-Bold.ttf {} [32m200[0m (7ms)
2019-02-12 23:38:10: 190212/153810.861, (1549985890861:PC-20171019KHXF:9848:js1xipo4:10023) [response] http://localhost:8001: [1;32mget[0m /swaggerui/fonts/DroidSans.ttf {} [32m200[0m (33ms)
2019-02-12 23:38:10: 190212/153810.904, (1549985890904:PC-20171019KHXF:9848:js1xipo4:10024) [response] http://localhost:8001: [1;32mget[0m /swagger.json {} [32m200[0m (40ms)
2019-02-12 23:38:11: 190212/153811.077, (1549985891077:PC-20171019KHXF:9848:js1xipo4:10025) [response] http://localhost:8001: [1;32mget[0m /swaggerui/images/favicon-32x32.png {} [32m200[0m (10ms)
2019-02-12 23:38:11: 190212/153811.096, (1549985891096:PC-20171019KHXF:9848:js1xipo4:10026) [response] http://localhost:8001: [1;32mget[0m /swaggerui/images/favicon-16x16.png {} [32m200[0m (4ms)
2019-02-12 23:38:32: 190212/153832.667, (1549985912667:PC-20171019KHXF:9848:js1xipo4:10027) [response] http://localhost:8001: [1;32mget[0m /swaggerui/images/throbber.gif {} [32m200[0m (3ms)
2019-02-12 23:38:46: { _eventListeners: 
2019-02-12 23:38:46:    { finish: { handlers: null, flags: [Object] },
2019-02-12 23:38:46:      peek: { handlers: null, flags: [Object] },
2019-02-12 23:38:46:      disconnect: { handlers: [Array], flags: [Object] } },
2019-02-12 23:38:46:   _notificationsQueue: [],
2019-02-12 23:38:46:   _eventsProcessing: false,
2019-02-12 23:38:46:   _sourcePodiums: [],
2019-02-12 23:38:46:   onPodiumError: [Function],
2019-02-12 23:38:46:   _bench: { ts: 4200140.500485 },
2019-02-12 23:38:46:   connection: 
2019-02-12 23:38:46:    { _eventListeners: 
2019-02-12 23:38:46:       { route: [Object],
2019-02-12 23:38:46:         'request-internal': [Object],
2019-02-12 23:38:46:         request: [Object],
2019-02-12 23:38:46:         'request-error': [Object],
2019-02-12 23:38:46:         response: [Object],
2019-02-12 23:38:46:         tail: [Object] },
2019-02-12 23:38:46:      _notificationsQueue: [],
2019-02-12 23:38:46:      _eventsProcessing: false,
2019-02-12 23:38:46:      _sourcePodiums: 
2019-02-12 23:38:46:       [ [Object],
2019-02-12 23:38:46:         [Object],
2019-02-12 23:38:46:         [Object],
2019-02-12 23:38:46:         [Object],
2019-02-12 23:38:46:         [Object],
2019-02-12 23:38:46:         [Object],
2019-02-12 23:38:46:         [Object],
2019-02-12 23:38:46:         [Object],
2019-02-12 23:38:46:         [Object],
2019-02-12 23:38:46:         [Object],
2019-02-12 23:38:46:         [Object] ],
2019-02-12 23:38:46:      onPodiumError: null,
2019-02-12 23:38:46:      settings: 
2019-02-12 23:38:46:       { compression: true,
2019-02-12 23:38:46:         router: [Object],
2019-02-12 23:38:46:         routes: [Object],
2019-02-12 23:38:46:         port: 8001,
2019-02-12 23:38:46:         host: 'localhost',
2019-02-12 23:38:46:         labels: [],
2019-02-12 23:38:46:         autoListen: true },
2019-02-12 23:38:46:      server: 
2019-02-12 23:38:46:       { _settings: [Object],
2019-02-12 23:38:46:         _caches: [Object],
2019-02-12 23:38:46:         _handlers: [Object],
2019-02-12 23:38:46:         _methods: [Object],
2019-02-12 23:38:46:         _events: [Object],
2019-02-12 23:38:46:         _dependencies: [Array],
2019-02-12 23:38:46:         _registrations: [Object],
2019-02-12 23:38:46:         _heavy: [Object],
2019-02-12 23:38:46:         _mime: [Object],
2019-02-12 23:38:46:         _replier: [Object],
2019-02-12 23:38:46:         _requestor: [Object],
2019-02-12 23:38:46:         _decorations: [Object],
2019-02-12 23:38:46:         decorations: [Object],
2019-02-12 23:38:46:         _plugins: [Object],
2019-02-12 23:38:46:         _app: {},
2019-02-12 23:38:46:         _registring: false,
2019-02-12 23:38:46:         _state: 'started',
2019-02-12 23:38:46:         _extensionsSeq: 21,
2019-02-12 23:38:46:         _extensions: [Object],
2019-02-12 23:38:46:         _eventListeners: [Object],
2019-02-12 23:38:46:         _notificationsQueue: [],
2019-02-12 23:38:46:         _eventsProcessing: false,
2019-02-12 23:38:46:         _sourcePodiums: [],
2019-02-12 23:38:46:         onPodiumError: null,
2019-02-12 23:38:46:         _parent: null,
2019-02-12 23:38:46:         root: [Circular],
2019-02-12 23:38:46:         app: {},
2019-02-12 23:38:46:         connections: [Array],
2019-02-12 23:38:46:         load: [Object],
2019-02-12 23:38:46:         methods: {},
2019-02-12 23:38:46:         mime: [Object],
2019-02-12 23:38:46:         plugins: [Object],
2019-02-12 23:38:46:         settings: [Object],
2019-02-12 23:38:46:         version: '16.7.0',
2019-02-12 23:38:46:         realm: [Object],
2019-02-12 23:38:46:         auth: [Object],
2019-02-12 23:38:46:         cache: [Object],
2019-02-12 23:38:46:         info: [Object],
2019-02-12 23:38:46:         listener: [Object],
2019-02-12 23:38:46:         registrations: [Object],
2019-02-12 23:38:46:         views: [Function],
2019-02-12 23:38:46:         render: [Function] },
2019-02-12 23:38:46:      type: 'tcp',
2019-02-12 23:38:46:      _started: true,
2019-02-12 23:38:46:      _connections: { '127.0.0.1:57841': [Object] },
2019-02-12 23:38:46:      _onConnection: [Function],
2019-02-12 23:38:46:      registrations: 
2019-02-12 23:38:46:       { inert: [Object],
2019-02-12 23:38:46:         vision: [Object],
2019-02-12 23:38:46:         'hapi-swagger': [Object],
2019-02-12 23:38:46:         good: [Object],
2019-02-12 23:38:46:         'hapi-auth-jwt2': [Object],
2019-02-12 23:38:46:         'hapi-pagination': [Object] },
2019-02-12 23:38:46:      _extensions: 
2019-02-12 23:38:46:       { onRequest: [Object],
2019-02-12 23:38:46:         onPreAuth: [Object],
2019-02-12 23:38:46:         onPostAuth: [Object],
2019-02-12 23:38:46:         onPreHandler: [Object],
2019-02-12 23:38:46:         onPostHandler: [Object],
2019-02-12 23:38:46:         onPreResponse: [Object] },
2019-02-12 23:38:46:      _requestCounter: { value: 10029, min: 10000, max: 99999 },
2019-02-12 23:38:46:      _load: { _process: [Object], settings: [Object] },
2019-02-12 23:38:46:      _compression: { encodings: [Array], _encoders: [Object], _decoders: [Object] },
2019-02-12 23:38:46:      states: { settings: [Object], cookies: {}, names: [] },
2019-02-12 23:38:46:      auth: 
2019-02-12 23:38:46:       { connection: [Circular],
2019-02-12 23:38:46:         _schemes: [Object],
2019-02-12 23:38:46:         _strategies: [Object],
2019-02-12 23:38:46:         settings: [Object],
2019-02-12 23:38:46:         api: {} },
2019-02-12 23:38:46:      _router: 
2019-02-12 23:38:46:       { settings: [Object],
2019-02-12 23:38:46:         routes: [Object],
2019-02-12 23:38:46:         ids: {},
2019-02-12 23:38:46:         vhosts: null,
2019-02-12 23:38:46:         specials: [Object] },
2019-02-12 23:38:46:      plugins: {},
2019-02-12 23:38:46:      app: {},
2019-02-12 23:38:46:      listener: 
2019-02-12 23:38:46:       Server {
2019-02-12 23:38:46:         domain: null,
2019-02-12 23:38:46:         _events: [Object],
2019-02-12 23:38:46:         _eventsCount: 4,
2019-02-12 23:38:46:         _maxListeners: undefined,
2019-02-12 23:38:46:         _connections: 1,
2019-02-12 23:38:46:         _handle: [Object],
2019-02-12 23:38:46:         _usingSlaves: false,
2019-02-12 23:38:46:         _slaves: [],
2019-02-12 23:38:46:         _unref: false,
2019-02-12 23:38:46:         allowHalfOpen: true,
2019-02-12 23:38:46:         pauseOnConnect: false,
2019-02-12 23:38:46:         httpAllowHalfOpen: false,
2019-02-12 23:38:46:         timeout: 120000,
2019-02-12 23:38:46:         keepAliveTimeout: 5000,
2019-02-12 23:38:46:         _pendingResponseData: 0,
2019-02-12 23:38:46:         maxHeadersCount: null,
2019-02-12 23:38:46:         _connectionKey: '4:127.0.0.1:8001',
2019-02-12 23:38:46:         [Symbol(asyncId)]: 320 },
2019-02-12 23:38:46:      info: 
2019-02-12 23:38:46:       { created: 1549985789812,
2019-02-12 23:38:46:         started: 1549985789983,
2019-02-12 23:38:46:         host: 'localhost',
2019-02-12 23:38:46:         port: 8001,
2019-02-12 23:38:46:         protocol: 'http',
2019-02-12 23:38:46:         id: 'PC-20171019KHXF:9848:js1xipo4',
2019-02-12 23:38:46:         uri: 'http://localhost:8001',
2019-02-12 23:38:46:         address: '127.0.0.1' } },
2019-02-12 23:38:46:   server: 
2019-02-12 23:38:46:    { _settings: 
2019-02-12 23:38:46:       { debug: [Object],
2019-02-12 23:38:46:         load: [Object],
2019-02-12 23:38:46:         mime: null,
2019-02-12 23:38:46:         useDomains: true,
2019-02-12 23:38:46:         connections: [Object] },
2019-02-12 23:38:46:      _caches: { _default: [Object] },
2019-02-12 23:38:46:      _handlers: { file: [Function], directory: [Function], view: [Function] },
2019-02-12 23:38:46:      _methods: { server: [Circular], methods: {}, _normalized: {} },
2019-02-12 23:38:46:      _events: 
2019-02-12 23:38:46:       { _eventListeners: [Object],
2019-02-12 23:38:46:         _notificationsQueue: [],
2019-02-12 23:38:46:         _eventsProcessing: false,
2019-02-12 23:38:46:         _sourcePodiums: [Array],
2019-02-12 23:38:46:         onPodiumError: null },
2019-02-12 23:38:46:      _dependencies: [ [Object] ],
2019-02-12 23:38:46:      _registrations: { inert: [Object], vision: [Object] },
2019-02-12 23:38:46:      _heavy: 
2019-02-12 23:38:46:       { settings: [Object],
2019-02-12 23:38:46:         _eventLoopTimer: null,
2019-02-12 23:38:46:         _loadBench: [Object],
2019-02-12 23:38:46:         load: [Object] },
2019-02-12 23:38:46:      _mime: Mimos { _byType: [Object], _byExtension: [Object] },
2019-02-12 23:38:46:      _replier: { _decorations: [Object] },
2019-02-12 23:38:46:      _requestor: { _decorations: [Object] },
2019-02-12 23:38:46:      _decorations: { views: [Function], render: [Function] },
2019-02-12 23:38:46:      decorations: { request: [Array], reply: [Array], server: [Array] },
2019-02-12 23:38:46:      _plugins: { inert: [Object], 'hapi-swagger': [Object] },
2019-02-12 23:38:46:      _app: {},
2019-02-12 23:38:46:      _registring: false,
2019-02-12 23:38:46:      _state: 'started',
2019-02-12 23:38:46:      _extensionsSeq: 21,
2019-02-12 23:38:46:      _extensions: 
2019-02-12 23:38:46:       { onPreStart: [Object],
2019-02-12 23:38:46:         onPostStart: [Object],
2019-02-12 23:38:46:         onPreStop: [Object],
2019-02-12 23:38:46:         onPostStop: [Object] },
2019-02-12 23:38:46:      _eventListeners: 
2019-02-12 23:38:46:       { route: [Object],
2019-02-12 23:38:46:         'request-internal': [Object],
2019-02-12 23:38:46:         request: [Object],
2019-02-12 23:38:46:         'request-error': [Object],
2019-02-12 23:38:46:         response: [Object],
2019-02-12 23:38:46:         tail: [Object],
2019-02-12 23:38:46:         log: [Object],
2019-02-12 23:38:46:         start: [Object],
2019-02-12 23:38:46:         stop: [Object] },
2019-02-12 23:38:46:      _notificationsQueue: [],
2019-02-12 23:38:46:      _eventsProcessing: false,
2019-02-12 23:38:46:      _sourcePodiums: [],
2019-02-12 23:38:46:      onPodiumError: null,
2019-02-12 23:38:46:      _parent: null,
2019-02-12 23:38:46:      root: [Circular],
2019-02-12 23:38:46:      app: {},
2019-02-12 23:38:46:      connections: [ [Object] ],
2019-02-12 23:38:46:      load: { eventLoopDelay: 0, heapUsed: 0, rss: 0 },
2019-02-12 23:38:46:      methods: {},
2019-02-12 23:38:46:      mime: Mimos { _byType: [Object], _byExtension: [Object] },
2019-02-12 23:38:46:      plugins: { inert: [Object], 'hapi-swagger': [Object] },
2019-02-12 23:38:46:      settings: 
2019-02-12 23:38:46:       { debug: [Object],
2019-02-12 23:38:46:         load: [Object],
2019-02-12 23:38:46:         mime: null,
2019-02-12 23:38:46:         useDomains: true,
2019-02-12 23:38:46:         connections: [Object] },
2019-02-12 23:38:46:      version: '16.7.0',
2019-02-12 23:38:46:      realm: 
2019-02-12 23:38:46:       { _extensions: [Object],
2019-02-12 23:38:46:         modifiers: [Object],
2019-02-12 23:38:46:         plugin: '',
2019-02-12 23:38:46:         pluginOptions: {},
2019-02-12 23:38:46:         plugins: {},
2019-02-12 23:38:46:         settings: [Object] },
2019-02-12 23:38:46:      auth: 
2019-02-12 23:38:46:       { default: [Function: default],
2019-02-12 23:38:46:         scheme: [Function: scheme],
2019-02-12 23:38:46:         strategy: [Function: strategy],
2019-02-12 23:38:46:         test: [Function: test],
2019-02-12 23:38:46:         api: {} },
2019-02-12 23:38:46:      cache: { [Function: policy] provision: [Function] },
2019-02-12 23:38:46:      info: 
2019-02-12 23:38:46:       { created: 1549985789812,
2019-02-12 23:38:46:         started: 1549985789983,
2019-02-12 23:38:46:         host: 'localhost',
2019-02-12 23:38:46:         port: 8001,
2019-02-12 23:38:46:         protocol: 'http',
2019-02-12 23:38:46:         id: 'PC-20171019KHXF:9848:js1xipo4',
2019-02-12 23:38:46:         uri: 'http://localhost:8001',
2019-02-12 23:38:46:         address: '127.0.0.1' },
2019-02-12 23:38:46:      listener: 
2019-02-12 23:38:46:       Server {
2019-02-12 23:38:46:         domain: null,
2019-02-12 23:38:46:         _events: [Object],
2019-02-12 23:38:46:         _eventsCount: 4,
2019-02-12 23:38:46:         _maxListeners: undefined,
2019-02-12 23:38:46:         _connections: 1,
2019-02-12 23:38:46:         _handle: [Object],
2019-02-12 23:38:46:         _usingSlaves: false,
2019-02-12 23:38:46:         _slaves: [],
2019-02-12 23:38:46:         _unref: false,
2019-02-12 23:38:46:         allowHalfOpen: true,
2019-02-12 23:38:46:         pauseOnConnect: false,
2019-02-12 23:38:46:         httpAllowHalfOpen: false,
2019-02-12 23:38:46:         timeout: 120000,
2019-02-12 23:38:46:         keepAliveTimeout: 5000,
2019-02-12 23:38:46:         _pendingResponseData: 0,
2019-02-12 23:38:46:         maxHeadersCount: null,
2019-02-12 23:38:46:         _connectionKey: '4:127.0.0.1:8001',
2019-02-12 23:38:46:         [Symbol(asyncId)]: 320 },
2019-02-12 23:38:46:      registrations: 
2019-02-12 23:38:46:       { inert: [Object],
2019-02-12 23:38:46:         vision: [Object],
2019-02-12 23:38:46:         'hapi-swagger': [Object],
2019-02-12 23:38:46:         good: [Object],
2019-02-12 23:38:46:         'hapi-auth-jwt2': [Object],
2019-02-12 23:38:46:         'hapi-pagination': [Object] },
2019-02-12 23:38:46:      views: [Function],
2019-02-12 23:38:46:      render: [Function] },
2019-02-12 23:38:46:   url: 
2019-02-12 23:38:46:    Url {
2019-02-12 23:38:46:      protocol: null,
2019-02-12 23:38:46:      slashes: null,
2019-02-12 23:38:46:      auth: null,
2019-02-12 23:38:46:      host: null,
2019-02-12 23:38:46:      port: null,
2019-02-12 23:38:46:      hostname: null,
2019-02-12 23:38:46:      hash: null,
2019-02-12 23:38:46:      search: '?price=421&name=12&thumb_url=312&shopId=312',
2019-02-12 23:38:46:      query: { price: '421', name: '12', thumb_url: '312', shopId: '312' },
2019-02-12 23:38:46:      pathname: '/shops/goods/add',
2019-02-12 23:38:46:      path: '/shops/goods/add?price=421&name=12&thumb_url=312&shopId=312',
2019-02-12 23:38:46:      href: '/shops/goods/add?price=421&name=12&thumb_url=312&shopId=312' },
2019-02-12 23:38:46:   query: { price: '421', name: '12', thumb_url: '312', shopId: '312' },
2019-02-12 23:38:46:   path: '/shops/goods/add',
2019-02-12 23:38:46:   method: 'post',
2019-02-12 23:38:46:   mime: 'application/json',
2019-02-12 23:38:46:   headers: 
2019-02-12 23:38:46:    { host: 'localhost:8001',
2019-02-12 23:38:46:      connection: 'keep-alive',
2019-02-12 23:38:46:      'content-length': '0',
2019-02-12 23:38:46:      accept: 'application/json',
2019-02-12 23:38:46:      origin: 'http://localhost:8001',
2019-02-12 23:38:46:      'user-agent': 'Mozilla/5.0 (Windows NT 6.1; Win64; x64) AppleWebKit/537.36 (KHTML, like Gecko) Chrome/71.0.3578.98 Safari/537.36',
2019-02-12 23:38:46:      'content-type': 'application/json',
2019-02-12 23:38:46:      referer: 'http://localhost:8001/documentation',
2019-02-12 23:38:46:      'accept-encoding': 'gzip, deflate, br',
2019-02-12 23:38:46:      'accept-language': 'zh-CN,zh;q=0.9,en;q=0.8',
2019-02-12 23:38:46:      cookie: '_ga=GA1.1.1420191250.1511539741' },
2019-02-12 23:38:46:   info: 
2019-02-12 23:38:46:    { received: 1549985926659,
2019-02-12 23:38:46:      responded: 0,
2019-02-12 23:38:46:      remoteAddress: '127.0.0.1',
2019-02-12 23:38:46:      remotePort: 57841,
2019-02-12 23:38:46:      referrer: 'http://localhost:8001/documentation',
2019-02-12 23:38:46:      host: 'localhost:8001',
2019-02-12 23:38:46:      hostname: 'localhost',
2019-02-12 23:38:46:      acceptEncoding: 'gzip' },
2019-02-12 23:38:46:   setUrl: undefined,
2019-02-12 23:38:46:   setMethod: undefined,
2019-02-12 23:38:46:   id: '1549985926659:PC-20171019KHXF:9848:js1xipo4:10028',
2019-02-12 23:38:46:   app: {},
2019-02-12 23:38:46:   plugins: {},
2019-02-12 23:38:46:   _route: 
2019-02-12 23:38:46:    { settings: 
2019-02-12 23:38:46:       { cache: [Object],
2019-02-12 23:38:46:         compression: {},
2019-02-12 23:38:46:         cors: false,
2019-02-12 23:38:46:         files: [Object],
2019-02-12 23:38:46:         json: [Object],
2019-02-12 23:38:46:         log: false,
2019-02-12 23:38:46:         payload: [Object],
2019-02-12 23:38:46:         response: [Object],
2019-02-12 23:38:46:         security: null,
2019-02-12 23:38:46:         state: [Object],
2019-02-12 23:38:46:         timeout: [Object],
2019-02-12 23:38:46:         validate: [Object],
2019-02-12 23:38:46:         ext: {},
2019-02-12 23:38:46:         auth: false,
2019-02-12 23:38:46:         tags: [Array],
2019-02-12 23:38:46:         description: '添加店铺商品',
2019-02-12 23:38:46:         handler: [AsyncFunction: handler],
2019-02-12 23:38:46:         vhost: undefined,
2019-02-12 23:38:46:         plugins: {},
2019-02-12 23:38:46:         app: {} },
2019-02-12 23:38:46:      connection: 
2019-02-12 23:38:46:       { _eventListeners: [Object],
2019-02-12 23:38:46:         _notificationsQueue: [],
2019-02-12 23:38:46:         _eventsProcessing: false,
2019-02-12 23:38:46:         _sourcePodiums: [Array],
2019-02-12 23:38:46:         onPodiumError: null,
2019-02-12 23:38:46:         settings: [Object],
2019-02-12 23:38:46:         server: [Object],
2019-02-12 23:38:46:         type: 'tcp',
2019-02-12 23:38:46:         _started: true,
2019-02-12 23:38:46:         _connections: [Object],
2019-02-12 23:38:46:         _onConnection: [Function],
2019-02-12 23:38:46:         registrations: [Object],
2019-02-12 23:38:46:         _extensions: [Object],
2019-02-12 23:38:46:         _requestCounter: [Object],
2019-02-12 23:38:46:         _load: [Object],
2019-02-12 23:38:46:         _compression: [Object],
2019-02-12 23:38:46:         states: [Object],
2019-02-12 23:38:46:         auth: [Object],
2019-02-12 23:38:46:         _router: [Object],
2019-02-12 23:38:46:         plugins: {},
2019-02-12 23:38:46:         app: {},
2019-02-12 23:38:46:         listener: [Object],
2019-02-12 23:38:46:         info: [Object] },
2019-02-12 23:38:46:      server: 
2019-02-12 23:38:46:       { _settings: [Object],
2019-02-12 23:38:46:         _caches: [Object],
2019-02-12 23:38:46:         _handlers: [Object],
2019-02-12 23:38:46:         _methods: [Object],
2019-02-12 23:38:46:         _events: [Object],
2019-02-12 23:38:46:         _dependencies: [Array],
2019-02-12 23:38:46:         _registrations: [Object],
2019-02-12 23:38:46:         _heavy: [Object],
2019-02-12 23:38:46:         _mime: [Object],
2019-02-12 23:38:46:         _replier: [Object],
2019-02-12 23:38:46:         _requestor: [Object],
2019-02-12 23:38:46:         _decorations: [Object],
2019-02-12 23:38:46:         decorations: [Object],
2019-02-12 23:38:46:         _plugins: [Object],
2019-02-12 23:38:46:         _app: {},
2019-02-12 23:38:46:         _registring: false,
2019-02-12 23:38:46:         _state: 'started',
2019-02-12 23:38:46:         _extensionsSeq: 21,
2019-02-12 23:38:46:         _extensions: [Object],
2019-02-12 23:38:46:         _eventListeners: [Object],
2019-02-12 23:38:46:         _notificationsQueue: [],
2019-02-12 23:38:46:         _eventsProcessing: false,
2019-02-12 23:38:46:         _sourcePodiums: [],
2019-02-12 23:38:46:         onPodiumError: null,
2019-02-12 23:38:46:         _parent: null,
2019-02-12 23:38:46:         root: [Circular],
2019-02-12 23:38:46:         app: {},
2019-02-12 23:38:46:         connections: [Array],
2019-02-12 23:38:46:         load: [Object],
2019-02-12 23:38:46:         methods: {},
2019-02-12 23:38:46:         mime: [Object],
2019-02-12 23:38:46:         plugins: [Object],
2019-02-12 23:38:46:         settings: [Object],
2019-02-12 23:38:46:         version: '16.7.0',
2019-02-12 23:38:46:         realm: [Object],
2019-02-12 23:38:46:         auth: [Object],
2019-02-12 23:38:46:         cache: [Object],
2019-02-12 23:38:46:         info: [Object],
2019-02-12 23:38:46:         listener: [Object],
2019-02-12 23:38:46:         registrations: [Object],
2019-02-12 23:38:46:         views: [Function],
2019-02-12 23:38:46:         render: [Function] },
2019-02-12 23:38:46:      path: '/shops/goods/add',
2019-02-12 23:38:46:      method: 'post',
2019-02-12 23:38:46:      plugin: 
2019-02-12 23:38:46:       { _settings: [Object],
2019-02-12 23:38:46:         _caches: [Object],
2019-02-12 23:38:46:         _handlers: [Object],
2019-02-12 23:38:46:         _methods: [Object],
2019-02-12 23:38:46:         _events: [Object],
2019-02-12 23:38:46:         _dependencies: [Array],
2019-02-12 23:38:46:         _registrations: [Object],
2019-02-12 23:38:46:         _heavy: [Object],
2019-02-12 23:38:46:         _mime: [Object],
2019-02-12 23:38:46:         _replier: [Object],
2019-02-12 23:38:46:         _requestor: [Object],
2019-02-12 23:38:46:         _decorations: [Object],
2019-02-12 23:38:46:         decorations: [Object],
2019-02-12 23:38:46:         _plugins: [Object],
2019-02-12 23:38:46:         _app: {},
2019-02-12 23:38:46:         _registring: false,
2019-02-12 23:38:46:         _state: 'started',
2019-02-12 23:38:46:         _extensionsSeq: 21,
2019-02-12 23:38:46:         _extensions: [Object],
2019-02-12 23:38:46:         _eventListeners: [Object],
2019-02-12 23:38:46:         _notificationsQueue: [],
2019-02-12 23:38:46:         _eventsProcessing: false,
2019-02-12 23:38:46:         _sourcePodiums: [],
2019-02-12 23:38:46:         onPodiumError: null,
2019-02-12 23:38:46:         _parent: null,
2019-02-12 23:38:46:         root: [Circular],
2019-02-12 23:38:46:         app: {},
2019-02-12 23:38:46:         connections: [Array],
2019-02-12 23:38:46:         load: [Object],
2019-02-12 23:38:46:         methods: {},
2019-02-12 23:38:46:         mime: [Object],
2019-02-12 23:38:46:         plugins: [Object],
2019-02-12 23:38:46:         settings: [Object],
2019-02-12 23:38:46:         version: '16.7.0',
2019-02-12 23:38:46:         realm: [Object],
2019-02-12 23:38:46:         auth: [Object],
2019-02-12 23:38:46:         cache: [Object],
2019-02-12 23:38:46:         info: [Object],
2019-02-12 23:38:46:         listener: [Object],
2019-02-12 23:38:46:         registrations: [Object],
2019-02-12 23:38:46:         views: [Function],
2019-02-12 23:38:46:         render: [Function] },
2019-02-12 23:38:46:      _special: false,
2019-02-12 23:38:46:      _analysis: 
2019-02-12 23:38:46:       { segments: [Array],
2019-02-12 23:38:46:         fingerprint: '/shops/goods/add',
2019-02-12 23:38:46:         params: [] },
2019-02-12 23:38:46:      params: [],
2019-02-12 23:38:46:      fingerprint: '/shops/goods/add',
2019-02-12 23:38:46:      public: 
2019-02-12 23:38:46:       { method: 'post',
2019-02-12 23:38:46:         path: '/shops/goods/add',
2019-02-12 23:38:46:         vhost: undefined,
2019-02-12 23:38:46:         realm: [Object],
2019-02-12 23:38:46:         settings: [Object],
2019-02-12 23:38:46:         fingerprint: '/shops/goods/add',
2019-02-12 23:38:46:         auth: [Object] },
2019-02-12 23:38:46:      _prerequisites: null,
2019-02-12 23:38:46:      _extensions: 
2019-02-12 23:38:46:       { onPreResponse: [Object],
2019-02-12 23:38:46:         onPreAuth: [Object],
2019-02-12 23:38:46:         onPostAuth: [Object],
2019-02-12 23:38:46:         onPreHandler: [Object],
2019-02-12 23:38:46:         onPostHandler: [Object] },
2019-02-12 23:38:46:      _cycle: 
2019-02-12 23:38:46:       [ [Function],
2019-02-12 23:38:46:         [Function],
2019-02-12 23:38:46:         [Function],
2019-02-12 23:38:46:         [Object],
2019-02-12 23:38:46:         [Function],
2019-02-12 23:38:46:         [Object] ],
2019-02-12 23:38:46:      group: [ 'shops' ] },
2019-02-12 23:38:46:   route: 
2019-02-12 23:38:46:    { method: 'post',
2019-02-12 23:38:46:      path: '/shops/goods/add',
2019-02-12 23:38:46:      vhost: undefined,
2019-02-12 23:38:46:      realm: 
2019-02-12 23:38:46:       { _extensions: [Object],
2019-02-12 23:38:46:         modifiers: [Object],
2019-02-12 23:38:46:         plugin: '',
2019-02-12 23:38:46:         pluginOptions: {},
2019-02-12 23:38:46:         plugins: {},
2019-02-12 23:38:46:         settings: [Object] },
2019-02-12 23:38:46:      settings: 
2019-02-12 23:38:46:       { cache: [Object],
2019-02-12 23:38:46:         compression: {},
2019-02-12 23:38:46:         cors: false,
2019-02-12 23:38:46:         files: [Object],
2019-02-12 23:38:46:         json: [Object],
2019-02-12 23:38:46:         log: false,
2019-02-12 23:38:46:         payload: [Object],
2019-02-12 23:38:46:         response: [Object],
2019-02-12 23:38:46:         security: null,
2019-02-12 23:38:46:         state: [Object],
2019-02-12 23:38:46:         timeout: [Object],
2019-02-12 23:38:46:         validate: [Object],
2019-02-12 23:38:46:         ext: {},
2019-02-12 23:38:46:         auth: false,
2019-02-12 23:38:46:         tags: [Array],
2019-02-12 23:38:46:         description: '添加店铺商品',
2019-02-12 23:38:46:         handler: [AsyncFunction: handler],
2019-02-12 23:38:46:         vhost: undefined,
2019-02-12 23:38:46:         plugins: {},
2019-02-12 23:38:46:         app: {} },
2019-02-12 23:38:46:      fingerprint: '/shops/goods/add',
2019-02-12 23:38:46:      auth: { access: [Function: access] } },
2019-02-12 23:38:46:   auth: 
2019-02-12 23:38:46:    { isAuthenticated: false,
2019-02-12 23:38:46:      credentials: null,
2019-02-12 23:38:46:      artifacts: null,
2019-02-12 23:38:46:      strategy: null,
2019-02-12 23:38:46:      mode: null,
2019-02-12 23:38:46:      error: null },
2019-02-12 23:38:46:   pre: {},
2019-02-12 23:38:46:   preResponses: {},
2019-02-12 23:38:46:   orig: 
2019-02-12 23:38:46:    { query: { price: '421', name: '12', thumb_url: '312', shopId: '312' } },
2019-02-12 23:38:46:   params: {},
2019-02-12 23:38:46:   paramsArray: [],
2019-02-12 23:38:46:   payload: null,
2019-02-12 23:38:46:   state: { _ga: 'GA1.1.1420191250.1511539741' },
2019-02-12 23:38:46:   jsonp: null,
2019-02-12 23:38:46:   response: null,
2019-02-12 23:38:46:   raw: 
2019-02-12 23:38:46:    { req: 
2019-02-12 23:38:46:       IncomingMessage {
2019-02-12 23:38:46:         _readableState: [Object],
2019-02-12 23:38:46:         readable: false,
2019-02-12 23:38:46:         domain: null,
2019-02-12 23:38:46:         _events: [Object],
2019-02-12 23:38:46:         _eventsCount: 4,
2019-02-12 23:38:46:         _maxListeners: undefined,
2019-02-12 23:38:46:         socket: [Object],
2019-02-12 23:38:46:         connection: [Object],
2019-02-12 23:38:46:         httpVersionMajor: 1,
2019-02-12 23:38:46:         httpVersionMinor: 1,
2019-02-12 23:38:46:         httpVersion: '1.1',
2019-02-12 23:38:46:         complete: true,
2019-02-12 23:38:46:         headers: [Object],
2019-02-12 23:38:46:         rawHeaders: [Array],
2019-02-12 23:38:46:         trailers: {},
2019-02-12 23:38:46:         rawTrailers: [],
2019-02-12 23:38:46:         upgrade: false,
2019-02-12 23:38:46:         url: '/shops/goods/add?price=421&name=12&thumb_url=312&shopId=312',
2019-02-12 23:38:46:         method: 'POST',
2019-02-12 23:38:46:         statusCode: null,
2019-02-12 23:38:46:         statusMessage: null,
2019-02-12 23:38:46:         client: [Object],
2019-02-12 23:38:46:         _consuming: true,
2019-02-12 23:38:46:         _dumped: false,
2019-02-12 23:38:46:         read: [Function] },
2019-02-12 23:38:46:      res: 
2019-02-12 23:38:46:       ServerResponse {
2019-02-12 23:38:46:         domain: null,
2019-02-12 23:38:46:         _events: [Object],
2019-02-12 23:38:46:         _eventsCount: 1,
2019-02-12 23:38:46:         _maxListeners: undefined,
2019-02-12 23:38:46:         output: [],
2019-02-12 23:38:46:         outputEncodings: [],
2019-02-12 23:38:46:         outputCallbacks: [],
2019-02-12 23:38:46:         outputSize: 0,
2019-02-12 23:38:46:         writable: true,
2019-02-12 23:38:46:         _last: false,
2019-02-12 23:38:46:         upgrading: false,
2019-02-12 23:38:46:         chunkedEncoding: false,
2019-02-12 23:38:46:         shouldKeepAlive: true,
2019-02-12 23:38:46:         useChunkedEncodingByDefault: true,
2019-02-12 23:38:46:         sendDate: true,
2019-02-12 23:38:46:         _removedConnection: false,
2019-02-12 23:38:46:         _removedContLen: false,
2019-02-12 23:38:46:         _removedTE: false,
2019-02-12 23:38:46:         _contentLength: null,
2019-02-12 23:38:46:         _hasBody: true,
2019-02-12 23:38:46:         _trailer: '',
2019-02-12 23:38:46:         finished: false,
2019-02-12 23:38:46:         _headerSent: false,
2019-02-12 23:38:46:         socket: [Object],
2019-02-12 23:38:46:         connection: [Object],
2019-02-12 23:38:46:         _header: null,
2019-02-12 23:38:46:         _onPendingData: [Function: bound updateOutgoingData],
2019-02-12 23:38:46:         _sent100: false,
2019-02-12 23:38:46:         _expect_continue: false,
2019-02-12 23:38:46:         [Symbol(outHeadersKey)]: null } },
2019-02-12 23:38:46:   addTail: [Function],
2019-02-12 23:38:46:   tail: [Function],
2019-02-12 23:38:46:   _states: {},
2019-02-12 23:38:46:   _entity: {},
2019-02-12 23:38:46:   _logger: [],
2019-02-12 23:38:46:   _allowInternals: false,
2019-02-12 23:38:46:   _expectContinue: false,
2019-02-12 23:38:46:   _isPayloadPending: false,
2019-02-12 23:38:46:   _isBailed: false,
2019-02-12 23:38:46:   _isReplied: false,
2019-02-12 23:38:46:   _isFinalized: false,
2019-02-12 23:38:46:   _tails: {},
2019-02-12 23:38:46:   _tailIds: 0,
2019-02-12 23:38:46:   _protect: 
2019-02-12 23:38:46:    { _error: [Function],
2019-02-12 23:38:46:      logger: [Circular],
2019-02-12 23:38:46:      domain: 
2019-02-12 23:38:46:       Domain {
2019-02-12 23:38:46:         domain: null,
2019-02-12 23:38:46:         _events: [Object],
2019-02-12 23:38:46:         _eventsCount: 1,
2019-02-12 23:38:46:         _maxListeners: undefined,
2019-02-12 23:38:46:         members: [] } },
2019-02-12 23:38:46:   domain: 
2019-02-12 23:38:46:    Domain {
2019-02-12 23:38:46:      domain: null,
2019-02-12 23:38:46:      _events: { error: [Function: bound ] },
2019-02-12 23:38:46:      _eventsCount: 1,
2019-02-12 23:38:46:      _maxListeners: undefined,
2019-02-12 23:38:46:      members: [] },
2019-02-12 23:38:46:   _onEnd: [Function],
2019-02-12 23:38:46:   _onClose: [Function],
2019-02-12 23:38:46:   _onError: [Function],
2019-02-12 23:38:46:   _onAbort: [Function],
2019-02-12 23:38:46:   render: [Function] }
2019-02-12 23:38:47: 190212/153846.659, (1549985926659:PC-20171019KHXF:9848:js1xipo4:10028) [response,api,shops] http://localhost:8001: [1;33mpost[0m /shops/goods/add {"price":"421","name":"12","thumb_url":"312","shopId":"312"} [31m500[0m (1036ms)
2019-02-13 00:17:59: 190212/161759.841, (1549988279841:PC-20171019KHXF:9848:js1xipo4:10029) [response] http://localhost:8001: [1;32mget[0m /documentation {} [32m200[0m (9ms)
2019-02-13 00:17:59: 190212/161759.877, (1549988279877:PC-20171019KHXF:9848:js1xipo4:10030) [response] http://localhost:8001: [1;32mget[0m /swaggerui/css/typography.css {} [36m304[0m (5ms)
2019-02-13 00:17:59: 190212/161759.878, (1549988279878:PC-20171019KHXF:9848:js1xipo4:10031) [response] http://localhost:8001: [1;32mget[0m /swaggerui/css/reset.css {} [36m304[0m (5ms)
2019-02-13 00:17:59: 190212/161759.889, (1549988279889:PC-20171019KHXF:9848:js1xipo4:10032) [response] http://localhost:8001: [1;32mget[0m /swaggerui/css/screen.css {} [36m304[0m (3ms)
2019-02-13 00:17:59: 190212/161759.890, (1549988279890:PC-20171019KHXF:9848:js1xipo4:10033) [response] http://localhost:8001: [1;32mget[0m /swaggerui/lib/jquery-1.8.0.min.js {} [36m304[0m (3ms)
2019-02-13 00:17:59: 190212/161759.894, (1549988279894:PC-20171019KHXF:9848:js1xipo4:10034) [response] http://localhost:8001: [1;32mget[0m /swaggerui/lib/jquery.slideto.min.js {} [36m304[0m (3ms)
2019-02-13 00:17:59: 190212/161759.895, (1549988279895:PC-20171019KHXF:9848:js1xipo4:10035) [response] http://localhost:8001: [1;32mget[0m /swaggerui/lib/jquery.wiggle.min.js {} [36m304[0m (5ms)
2019-02-13 00:17:59: 190212/161759.901, (1549988279901:PC-20171019KHXF:9848:js1xipo4:10036) [response] http://localhost:8001: [1;32mget[0m /swaggerui/lib/jquery.ba-bbq.min.js {} [36m304[0m (3ms)
2019-02-13 00:17:59: 190212/161759.902, (1549988279902:PC-20171019KHXF:9848:js1xipo4:10037) [response] http://localhost:8001: [1;32mget[0m /swaggerui/lib/handlebars-2.0.0.js {} [36m304[0m (3ms)
2019-02-13 00:17:59: 190212/161759.905, (1549988279905:PC-20171019KHXF:9848:js1xipo4:10038) [response] http://localhost:8001: [1;32mget[0m /swaggerui/lib/js-yaml.min.js {} [36m304[0m (3ms)
2019-02-13 00:17:59: 190212/161759.906, (1549988279906:PC-20171019KHXF:9848:js1xipo4:10039) [response] http://localhost:8001: [1;32mget[0m /swaggerui/lib/lodash.min.js {} [36m304[0m (3ms)
2019-02-13 00:17:59: 190212/161759.911, (1549988279911:PC-20171019KHXF:9848:js1xipo4:10040) [response] http://localhost:8001: [1;32mget[0m /swaggerui/lib/backbone-min.js {} [36m304[0m (3ms)
2019-02-13 00:17:59: 190212/161759.913, (1549988279913:PC-20171019KHXF:9848:js1xipo4:10041) [response] http://localhost:8001: [1;32mget[0m /swaggerui/swagger-ui.js {} [36m304[0m (3ms)
2019-02-13 00:17:59: 190212/161759.917, (1549988279917:PC-20171019KHXF:9848:js1xipo4:10042) [response] http://localhost:8001: [1;32mget[0m /swaggerui/lib/highlight.7.3.pack.js {} [36m304[0m (4ms)
2019-02-13 00:17:59: 190212/161759.918, (1549988279918:PC-20171019KHXF:9848:js1xipo4:10043) [response] http://localhost:8001: [1;32mget[0m /swaggerui/lib/jsoneditor.min.js {} [36m304[0m (4ms)
2019-02-13 00:17:59: 190212/161759.924, (1549988279924:PC-20171019KHXF:9848:js1xipo4:10044) [response] http://localhost:8001: [1;32mget[0m /swaggerui/lib/marked.js {} [36m304[0m (5ms)
2019-02-13 00:17:59: 190212/161759.925, (1549988279925:PC-20171019KHXF:9848:js1xipo4:10045) [response] http://localhost:8001: [1;32mget[0m /swaggerui/lib/swagger-oauth.js {} [36m304[0m (5ms)
2019-02-13 00:17:59: 190212/161759.931, (1549988279931:PC-20171019KHXF:9848:js1xipo4:10046) [response] http://localhost:8001: [1;32mget[0m /swaggerui/extend.js {} [36m304[0m (2ms)
2019-02-13 00:17:59: 190212/161759.932, (1549988279932:PC-20171019KHXF:9848:js1xipo4:10047) [response] http://localhost:8001: [1;32mget[0m /swaggerui/lang/translator.js {} [36m304[0m (9ms)
2019-02-13 00:17:59: 190212/161759.935, (1549988279935:PC-20171019KHXF:9848:js1xipo4:10048) [response] http://localhost:8001: [1;32mget[0m /swaggerui/lang/en.js {} [36m304[0m (8ms)
2019-02-13 00:18:00: 190212/161800.055, (1549988280055:PC-20171019KHXF:9848:js1xipo4:10049) [response] http://localhost:8001: [1;32mget[0m /swaggerui/css/print.css {} [36m304[0m (10ms)
2019-02-13 00:18:00: 190212/161800.223, (1549988280223:PC-20171019KHXF:9848:js1xipo4:10050) [response] http://localhost:8001: [1;32mget[0m /swaggerui/images/logo_small.png {} [36m304[0m (2ms)
2019-02-13 00:18:00: 190212/161800.226, (1549988280226:PC-20171019KHXF:9848:js1xipo4:10051) [response] http://localhost:8001: [1;32mget[0m /swaggerui/fonts/DroidSans-Bold.ttf {} [36m304[0m (5ms)
2019-02-13 00:18:00: 190212/161800.231, (1549988280231:PC-20171019KHXF:9848:js1xipo4:10052) [response] http://localhost:8001: [1;32mget[0m /swaggerui/fonts/DroidSans.ttf {} [36m304[0m (2ms)
2019-02-13 00:18:00: 190212/161800.267, (1549988280267:PC-20171019KHXF:9848:js1xipo4:10053) [response] http://localhost:8001: [1;32mget[0m /swagger.json {} [32m200[0m (47ms)
