2019-01-24 16:00:49: Error: listen EADDRINUSE 127.0.0.1:8000
2019-01-24 16:00:49:     at Object._errnoException (util.js:992:11)
2019-01-24 16:00:49:     at _exceptionWithHostPort (util.js:1014:20)
2019-01-24 16:00:49:     at Server.setupListenHandle [as _listen2] (net.js:1355:14)
2019-01-24 16:00:49:     at listenInCluster (net.js:1396:12)
2019-01-24 16:00:49:     at GetAddrInfoReqWrap.doListen [as callback] (net.js:1505:7)
2019-01-24 16:00:49:     at GetAddrInfoReqWrap.onlookup [as oncomplete] (dns.js:97:10)
2019-01-24 16:01:47: Error: listen EADDRINUSE 127.0.0.1:8000
2019-01-24 16:01:47:     at Object._errnoException (util.js:992:11)
2019-01-24 16:01:47:     at _exceptionWithHostPort (util.js:1014:20)
2019-01-24 16:01:47:     at Server.setupListenHandle [as _listen2] (net.js:1355:14)
2019-01-24 16:01:47:     at listenInCluster (net.js:1396:12)
2019-01-24 16:01:47:     at GetAddrInfoReqWrap.doListen [as callback] (net.js:1505:7)
2019-01-24 16:01:47:     at GetAddrInfoReqWrap.onlookup [as oncomplete] (dns.js:97:10)
2019-01-24 16:03:03: Error: listen EADDRINUSE 127.0.0.1:8000
2019-01-24 16:03:03:     at Object._errnoException (util.js:992:11)
2019-01-24 16:03:03:     at _exceptionWithHostPort (util.js:1014:20)
2019-01-24 16:03:03:     at Server.setupListenHandle [as _listen2] (net.js:1355:14)
2019-01-24 16:03:03:     at listenInCluster (net.js:1396:12)
2019-01-24 16:03:03:     at GetAddrInfoReqWrap.doListen [as callback] (net.js:1505:7)
2019-01-24 16:03:03:     at GetAddrInfoReqWrap.onlookup [as oncomplete] (dns.js:97:10)
